[7572:1] 2026-03-05 11:28:35.599 [0x4978(3) InitializeLog] [SET_LOGPATH] %programdata%\Geni\Insights\logs\cmon.cmd.exe.log
[7572:1] 2026-03-05 11:28:35.600 [0x4978(0) CxCommonApi::LogModuleInfo] [MODULE LOADING] ModuleName cmon64.dll, Version [2.0.0.1], ModulePath C:\Program Files\Geni\Insights\temp\cmon64.dll ModifiedTime 2026-01-28 12:00:58
[7572:1] 2026-03-05 11:28:35.600 [0x4978(183) CxConsoleMonitor::Initialize] [Initialize]
[7572:1] 2026-03-05 11:28:35.600 [0x4978(183) CxSensorPipeClient::Initialize] [Initialize]
[7572:1] 2026-03-05 11:28:35.600 [0x4978(0) CxThreadPool::Initialize] Queue init : OutputQue 0, nThreadPoolSize : 1
[7572:1] 2026-03-05 11:28:35.601 [0x4978(183) CxThreadPool::CreateThreadPool] Create 1 WorkerThread
[7572:1] 2026-03-05 11:28:35.601 [0x4978(183) CxConsoleMonitor::InstallHook] [InstallHook]
[7572:1] 2026-03-05 11:28:35.602 [0x4978(126) CxConsoleMonitor::xGetProcAddress] [GET_PROC_ADDR] ReadConsoleW from kernelbase.dll
[7572:1] 2026-03-05 11:28:35.602 [0x4978(183) CxConsoleMonitor::InstallHook] [INSTALL_HOOK] ReadConsoleW : cmd.exe:7572
[7572:1] 2026-03-05 11:28:35.603 [0x4978(183) CxConsoleMonitor::xGetProcAddress] [GET_PROC_ADDR] ReadConsoleInputW from kernelbase.dll
[7572:1] 2026-03-05 11:28:35.603 [0x4978(183) CxConsoleMonitor::InstallHook] [INSTALL_HOOK] RealReadConsoleInputW : cmd.exe:7572
[7572:1] 2026-03-05 11:28:35.603 [0x4978(183) CxConsoleMonitor::InstallHook] [SUCCESS]
[7572:1] 2026-03-05 11:28:35.603 [0x4978(183) CxConsoleMonitor::GetCmonProfileInfo] [REQ_CMON_PROFILE] 
[7572:1] 2026-03-05 11:28:35.604 [0x4978(0) CxConsoleMonitor::Initialize] [/Initialize] SUCCESS
[7572:1] 2026-03-05 11:28:35.604 [0x393C(0) CxThreadPool::ThreadEntry] Worker Thread begins
[7572:1] 2026-03-05 11:28:35.605 [0x393C(1) CxSensorPipeClient::SendJson] [SEND][ReqType:4] {
   "PID" : 7572,
   "ProcPath" : "C:\\WINDOWS\\system32\\cmd.exe",
   "ReqType" : "xSensorRequestType_GetCmonProfile"
}

[7572:1] 2026-03-05 11:28:35.606 [0x393C(183) CxSensorPipeClient::SendJson] [RECV] {
   "MaxConsoleInputLength" : 1000
}

[7572:1] 2026-03-05 11:28:35.606 [0x393C(183) CxConsoleMonitor::PipeResponseCallback] [RES_CALLBACK]
[7572:1] 2026-03-05 11:28:35.606 [0x393C(183) CxConsoleMonitor::PipeResponseCallback] [CMON_PROFILE] MaxConsoleInputLength : 1000
